[2025-03-12T01:00:37.285+0000] {taskinstance.py:1165} INFO - Dependencies all met for <TaskInstance: example_bash_operator.runme_2 scheduled__2025-03-11T00:00:00+00:00 [queued]>
[2025-03-12T01:00:37.294+0000] {taskinstance.py:1165} INFO - Dependencies all met for <TaskInstance: example_bash_operator.runme_2 scheduled__2025-03-11T00:00:00+00:00 [queued]>
[2025-03-12T01:00:37.294+0000] {taskinstance.py:1362} INFO - 
--------------------------------------------------------------------------------
[2025-03-12T01:00:37.295+0000] {taskinstance.py:1363} INFO - Starting attempt 1 of 1
[2025-03-12T01:00:37.295+0000] {taskinstance.py:1364} INFO - 
--------------------------------------------------------------------------------
[2025-03-12T01:00:37.324+0000] {taskinstance.py:1383} INFO - Executing <Task(BashOperator): runme_2> on 2025-03-11 00:00:00+00:00
[2025-03-12T01:00:37.331+0000] {standard_task_runner.py:55} INFO - Started process 346 to run task
[2025-03-12T01:00:37.337+0000] {standard_task_runner.py:82} INFO - Running: ['***', 'tasks', 'run', 'example_bash_operator', 'runme_2', 'scheduled__2025-03-11T00:00:00+00:00', '--job-id', '7', '--raw', '--subdir', '/home/***/.local/lib/python3.7/site-packages/***/example_dags/example_bash_operator.py', '--cfg-path', '/tmp/tmp3rtq1jb4']
[2025-03-12T01:00:37.338+0000] {standard_task_runner.py:83} INFO - Job 7: Subtask runme_2
[2025-03-12T01:00:37.407+0000] {task_command.py:376} INFO - Running <TaskInstance: example_bash_operator.runme_2 scheduled__2025-03-11T00:00:00+00:00 [running]> on host 8c3ee0f87cd8
[2025-03-12T01:00:37.479+0000] {taskinstance.py:1592} INFO - Exporting the following env vars:
AIRFLOW_CTX_DAG_OWNER=***
AIRFLOW_CTX_DAG_ID=example_bash_operator
AIRFLOW_CTX_TASK_ID=runme_2
AIRFLOW_CTX_EXECUTION_DATE=2025-03-11T00:00:00+00:00
AIRFLOW_CTX_TRY_NUMBER=1
AIRFLOW_CTX_DAG_RUN_ID=scheduled__2025-03-11T00:00:00+00:00
[2025-03-12T01:00:37.480+0000] {subprocess.py:63} INFO - Tmp dir root location: 
 /tmp
[2025-03-12T01:00:37.481+0000] {subprocess.py:75} INFO - Running command: ['/bin/bash', '-c', 'echo "example_bash_operator__runme_2__20250311" && sleep 1']
[2025-03-12T01:00:37.493+0000] {subprocess.py:86} INFO - Output:
[2025-03-12T01:00:37.495+0000] {subprocess.py:93} INFO - example_bash_operator__runme_2__20250311
[2025-03-12T01:00:38.497+0000] {subprocess.py:97} INFO - Command exited with return code 0
[2025-03-12T01:00:38.516+0000] {taskinstance.py:1406} INFO - Marking task as SUCCESS. dag_id=example_bash_operator, task_id=runme_2, execution_date=20250311T000000, start_date=20250312T010037, end_date=20250312T010038
[2025-03-12T01:00:38.550+0000] {local_task_job.py:164} INFO - Task exited with return code 0
[2025-03-12T01:00:38.571+0000] {local_task_job.py:273} INFO - 1 downstream tasks scheduled from follow-on schedule check
