[2025-03-12T01:33:37.541+0000] {taskinstance.py:1165} INFO - Dependencies all met for <TaskInstance: user_processing.create_table manual__2025-03-12T01:33:36.825600+00:00 [queued]>
[2025-03-12T01:33:37.548+0000] {taskinstance.py:1165} INFO - Dependencies all met for <TaskInstance: user_processing.create_table manual__2025-03-12T01:33:36.825600+00:00 [queued]>
[2025-03-12T01:33:37.548+0000] {taskinstance.py:1362} INFO - 
--------------------------------------------------------------------------------
[2025-03-12T01:33:37.549+0000] {taskinstance.py:1363} INFO - Starting attempt 1 of 1
[2025-03-12T01:33:37.549+0000] {taskinstance.py:1364} INFO - 
--------------------------------------------------------------------------------
[2025-03-12T01:33:37.559+0000] {taskinstance.py:1383} INFO - Executing <Task(PostgresOperator): create_table> on 2025-03-12 01:33:36.825600+00:00
[2025-03-12T01:33:37.564+0000] {standard_task_runner.py:55} INFO - Started process 1986 to run task
[2025-03-12T01:33:37.566+0000] {standard_task_runner.py:82} INFO - Running: ['***', 'tasks', 'run', 'user_processing', 'create_table', 'manual__2025-03-12T01:33:36.825600+00:00', '--job-id', '11', '--raw', '--subdir', 'DAGS_FOLDER/user_processing.py', '--cfg-path', '/tmp/tmp_c6ynt79']
[2025-03-12T01:33:37.566+0000] {standard_task_runner.py:83} INFO - Job 11: Subtask create_table
[2025-03-12T01:33:37.609+0000] {task_command.py:376} INFO - Running <TaskInstance: user_processing.create_table manual__2025-03-12T01:33:36.825600+00:00 [running]> on host 8c3ee0f87cd8
[2025-03-12T01:33:37.655+0000] {taskinstance.py:1592} INFO - Exporting the following env vars:
AIRFLOW_CTX_DAG_OWNER=***
AIRFLOW_CTX_DAG_ID=user_processing
AIRFLOW_CTX_TASK_ID=create_table
AIRFLOW_CTX_EXECUTION_DATE=2025-03-12T01:33:36.825600+00:00
AIRFLOW_CTX_TRY_NUMBER=1
AIRFLOW_CTX_DAG_RUN_ID=manual__2025-03-12T01:33:36.825600+00:00
[2025-03-12T01:33:37.661+0000] {base.py:71} INFO - Using connection ID 'postgres' for task execution.
[2025-03-12T01:33:37.664+0000] {sql.py:315} INFO - Running statement: 
            CREATE TABLE IF NOT EXISTS users (
                firstname TEXT NOT NULL,
                lastname TEXT NOT NULL,
                country TEXT NOT NULL,
                username TEXT NOT NULL,
                password TEXT NOT NULL,
                email TEXT NOT NULL
            );
        , parameters: None
[2025-03-12T01:33:37.664+0000] {postgres.py:96} INFO - NOTICE:  relation "users" already exists, skipping

[2025-03-12T01:33:37.672+0000] {taskinstance.py:1406} INFO - Marking task as SUCCESS. dag_id=user_processing, task_id=create_table, execution_date=20250312T013336, start_date=20250312T013337, end_date=20250312T013337
[2025-03-12T01:33:37.698+0000] {local_task_job.py:164} INFO - Task exited with return code 0
[2025-03-12T01:33:37.712+0000] {local_task_job.py:273} INFO - 0 downstream tasks scheduled from follow-on schedule check
