[2025-03-12T02:09:21.456+0000] {taskinstance.py:1165} INFO - Dependencies all met for <TaskInstance: user_processing.extract_user manual__2025-03-12T02:09:19.741994+00:00 [queued]>
[2025-03-12T02:09:21.465+0000] {taskinstance.py:1165} INFO - Dependencies all met for <TaskInstance: user_processing.extract_user manual__2025-03-12T02:09:19.741994+00:00 [queued]>
[2025-03-12T02:09:21.465+0000] {taskinstance.py:1362} INFO - 
--------------------------------------------------------------------------------
[2025-03-12T02:09:21.466+0000] {taskinstance.py:1363} INFO - Starting attempt 1 of 1
[2025-03-12T02:09:21.466+0000] {taskinstance.py:1364} INFO - 
--------------------------------------------------------------------------------
[2025-03-12T02:09:21.479+0000] {taskinstance.py:1383} INFO - Executing <Task(SimpleHttpOperator): extract_user> on 2025-03-12 02:09:19.741994+00:00
[2025-03-12T02:09:21.486+0000] {standard_task_runner.py:55} INFO - Started process 3752 to run task
[2025-03-12T02:09:21.490+0000] {standard_task_runner.py:82} INFO - Running: ['***', 'tasks', 'run', 'user_processing', 'extract_user', 'manual__2025-03-12T02:09:19.741994+00:00', '--job-id', '15', '--raw', '--subdir', 'DAGS_FOLDER/user_processing.py', '--cfg-path', '/tmp/tmpslyobw_z']
[2025-03-12T02:09:21.491+0000] {standard_task_runner.py:83} INFO - Job 15: Subtask extract_user
[2025-03-12T02:09:21.542+0000] {task_command.py:376} INFO - Running <TaskInstance: user_processing.extract_user manual__2025-03-12T02:09:19.741994+00:00 [running]> on host 8c3ee0f87cd8
[2025-03-12T02:09:21.609+0000] {taskinstance.py:1592} INFO - Exporting the following env vars:
AIRFLOW_CTX_DAG_OWNER=***
AIRFLOW_CTX_DAG_ID=user_processing
AIRFLOW_CTX_TASK_ID=extract_user
AIRFLOW_CTX_EXECUTION_DATE=2025-03-12T02:09:19.741994+00:00
AIRFLOW_CTX_TRY_NUMBER=1
AIRFLOW_CTX_DAG_RUN_ID=manual__2025-03-12T02:09:19.741994+00:00
[2025-03-12T02:09:21.610+0000] {http.py:121} INFO - Calling HTTP method
[2025-03-12T02:09:21.618+0000] {base.py:71} INFO - Using connection ID 'user_api' for task execution.
[2025-03-12T02:09:21.622+0000] {http.py:148} INFO - Sending 'GET' to url: https://randomuser.me/api/
[2025-03-12T02:09:22.241+0000] {http.py:125} INFO - {"results":[{"gender":"female","name":{"title":"Mrs","first":"Asta","last":"Jensen"},"location":{"street":{"number":1130,"name":"Søvang"},"city":"Støvring ","state":"Nordjylland","country":"Denmark","postcode":63055,"coordinates":{"latitude":"-42.6328","longitude":"88.0154"},"timezone":{"offset":"+7:00","description":"Bangkok, Hanoi, Jakarta"}},"email":"asta.jensen@example.com","login":{"uuid":"139d1dd8-9416-4bea-82cb-d16ac3c62348","username":"sadsnake204","password":"roberts","salt":"tgAU4NUi","md5":"75bbd9a9811423181ba15862183fa032","sha1":"f8611169c39257b1a75d67fd4feb99ac4dedfd74","sha256":"cb5f1466f5315e8fcb97371a612670d8df81b5c0d2e2020c0333bb17096e811c"},"dob":{"date":"1968-03-28T02:19:12.788Z","age":56},"registered":{"date":"2015-05-05T11:28:24.684Z","age":9},"phone":"27412259","cell":"97922865","id":{"name":"CPR","value":"270368-5233"},"picture":{"large":"https://randomuser.me/api/portraits/women/76.jpg","medium":"https://randomuser.me/api/portraits/med/women/76.jpg","thumbnail":"https://randomuser.me/api/portraits/thumb/women/76.jpg"},"nat":"DK"}],"info":{"seed":"cc1839b1d018435c","results":1,"page":1,"version":"1.4"}}
[2025-03-12T02:09:22.263+0000] {taskinstance.py:1406} INFO - Marking task as SUCCESS. dag_id=user_processing, task_id=extract_user, execution_date=20250312T020919, start_date=20250312T020921, end_date=20250312T020922
[2025-03-12T02:09:22.302+0000] {local_task_job.py:164} INFO - Task exited with return code 0
[2025-03-12T02:09:22.322+0000] {local_task_job.py:273} INFO - 1 downstream tasks scheduled from follow-on schedule check
