[2025-03-12T01:00:37.285+0000] {taskinstance.py:1165} INFO - Dependencies all met for <TaskInstance: example_bash_operator.also_run_this scheduled__2025-03-11T00:00:00+00:00 [queued]>
[2025-03-12T01:00:37.293+0000] {taskinstance.py:1165} INFO - Dependencies all met for <TaskInstance: example_bash_operator.also_run_this scheduled__2025-03-11T00:00:00+00:00 [queued]>
[2025-03-12T01:00:37.293+0000] {taskinstance.py:1362} INFO - 
--------------------------------------------------------------------------------
[2025-03-12T01:00:37.293+0000] {taskinstance.py:1363} INFO - Starting attempt 1 of 1
[2025-03-12T01:00:37.294+0000] {taskinstance.py:1364} INFO - 
--------------------------------------------------------------------------------
[2025-03-12T01:00:37.310+0000] {taskinstance.py:1383} INFO - Executing <Task(BashOperator): also_run_this> on 2025-03-11 00:00:00+00:00
[2025-03-12T01:00:37.318+0000] {standard_task_runner.py:55} INFO - Started process 344 to run task
[2025-03-12T01:00:37.323+0000] {standard_task_runner.py:82} INFO - Running: ['***', 'tasks', 'run', 'example_bash_operator', 'also_run_this', 'scheduled__2025-03-11T00:00:00+00:00', '--job-id', '6', '--raw', '--subdir', '/home/***/.local/lib/python3.7/site-packages/***/example_dags/example_bash_operator.py', '--cfg-path', '/tmp/tmp75apah5t']
[2025-03-12T01:00:37.324+0000] {standard_task_runner.py:83} INFO - Job 6: Subtask also_run_this
[2025-03-12T01:00:37.399+0000] {task_command.py:376} INFO - Running <TaskInstance: example_bash_operator.also_run_this scheduled__2025-03-11T00:00:00+00:00 [running]> on host 8c3ee0f87cd8
[2025-03-12T01:00:37.474+0000] {taskinstance.py:1592} INFO - Exporting the following env vars:
AIRFLOW_CTX_DAG_OWNER=***
AIRFLOW_CTX_DAG_ID=example_bash_operator
AIRFLOW_CTX_TASK_ID=also_run_this
AIRFLOW_CTX_EXECUTION_DATE=2025-03-11T00:00:00+00:00
AIRFLOW_CTX_TRY_NUMBER=1
AIRFLOW_CTX_DAG_RUN_ID=scheduled__2025-03-11T00:00:00+00:00
[2025-03-12T01:00:37.475+0000] {subprocess.py:63} INFO - Tmp dir root location: 
 /tmp
[2025-03-12T01:00:37.476+0000] {subprocess.py:75} INFO - Running command: ['/bin/bash', '-c', 'echo "ti_key=example_bash_operator__also_run_this__20250311"']
[2025-03-12T01:00:37.489+0000] {subprocess.py:86} INFO - Output:
[2025-03-12T01:00:37.490+0000] {subprocess.py:93} INFO - ti_key=example_bash_operator__also_run_this__20250311
[2025-03-12T01:00:37.491+0000] {subprocess.py:97} INFO - Command exited with return code 0
[2025-03-12T01:00:37.512+0000] {taskinstance.py:1406} INFO - Marking task as SUCCESS. dag_id=example_bash_operator, task_id=also_run_this, execution_date=20250311T000000, start_date=20250312T010037, end_date=20250312T010037
[2025-03-12T01:00:37.533+0000] {local_task_job.py:164} INFO - Task exited with return code 0
[2025-03-12T01:00:37.559+0000] {local_task_job.py:273} INFO - 0 downstream tasks scheduled from follow-on schedule check
