[2025-03-12T01:00:39.491+0000] {taskinstance.py:1165} INFO - Dependencies all met for <TaskInstance: example_bash_operator.run_after_loop scheduled__2025-03-11T00:00:00+00:00 [queued]>
[2025-03-12T01:00:39.498+0000] {taskinstance.py:1165} INFO - Dependencies all met for <TaskInstance: example_bash_operator.run_after_loop scheduled__2025-03-11T00:00:00+00:00 [queued]>
[2025-03-12T01:00:39.498+0000] {taskinstance.py:1362} INFO - 
--------------------------------------------------------------------------------
[2025-03-12T01:00:39.499+0000] {taskinstance.py:1363} INFO - Starting attempt 1 of 1
[2025-03-12T01:00:39.499+0000] {taskinstance.py:1364} INFO - 
--------------------------------------------------------------------------------
[2025-03-12T01:00:39.510+0000] {taskinstance.py:1383} INFO - Executing <Task(BashOperator): run_after_loop> on 2025-03-11 00:00:00+00:00
[2025-03-12T01:00:39.515+0000] {standard_task_runner.py:55} INFO - Started process 364 to run task
[2025-03-12T01:00:39.517+0000] {standard_task_runner.py:82} INFO - Running: ['***', 'tasks', 'run', 'example_bash_operator', 'run_after_loop', 'scheduled__2025-03-11T00:00:00+00:00', '--job-id', '8', '--raw', '--subdir', '/home/***/.local/lib/python3.7/site-packages/***/example_dags/example_bash_operator.py', '--cfg-path', '/tmp/tmpnxv8euwy']
[2025-03-12T01:00:39.518+0000] {standard_task_runner.py:83} INFO - Job 8: Subtask run_after_loop
[2025-03-12T01:00:39.565+0000] {task_command.py:376} INFO - Running <TaskInstance: example_bash_operator.run_after_loop scheduled__2025-03-11T00:00:00+00:00 [running]> on host 8c3ee0f87cd8
[2025-03-12T01:00:39.615+0000] {taskinstance.py:1592} INFO - Exporting the following env vars:
AIRFLOW_CTX_DAG_OWNER=***
AIRFLOW_CTX_DAG_ID=example_bash_operator
AIRFLOW_CTX_TASK_ID=run_after_loop
AIRFLOW_CTX_EXECUTION_DATE=2025-03-11T00:00:00+00:00
AIRFLOW_CTX_TRY_NUMBER=1
AIRFLOW_CTX_DAG_RUN_ID=scheduled__2025-03-11T00:00:00+00:00
[2025-03-12T01:00:39.616+0000] {subprocess.py:63} INFO - Tmp dir root location: 
 /tmp
[2025-03-12T01:00:39.617+0000] {subprocess.py:75} INFO - Running command: ['/bin/bash', '-c', 'echo 1']
[2025-03-12T01:00:39.627+0000] {subprocess.py:86} INFO - Output:
[2025-03-12T01:00:39.628+0000] {subprocess.py:93} INFO - 1
[2025-03-12T01:00:39.629+0000] {subprocess.py:97} INFO - Command exited with return code 0
[2025-03-12T01:00:39.648+0000] {taskinstance.py:1406} INFO - Marking task as SUCCESS. dag_id=example_bash_operator, task_id=run_after_loop, execution_date=20250311T000000, start_date=20250312T010039, end_date=20250312T010039
[2025-03-12T01:00:39.689+0000] {local_task_job.py:164} INFO - Task exited with return code 0
[2025-03-12T01:00:39.705+0000] {local_task_job.py:273} INFO - 0 downstream tasks scheduled from follow-on schedule check
