[2025-03-12T01:00:37.283+0000] {taskinstance.py:1165} INFO - Dependencies all met for <TaskInstance: example_bash_operator.runme_0 scheduled__2025-03-11T00:00:00+00:00 [queued]>
[2025-03-12T01:00:37.293+0000] {taskinstance.py:1165} INFO - Dependencies all met for <TaskInstance: example_bash_operator.runme_0 scheduled__2025-03-11T00:00:00+00:00 [queued]>
[2025-03-12T01:00:37.293+0000] {taskinstance.py:1362} INFO - 
--------------------------------------------------------------------------------
[2025-03-12T01:00:37.294+0000] {taskinstance.py:1363} INFO - Starting attempt 1 of 1
[2025-03-12T01:00:37.294+0000] {taskinstance.py:1364} INFO - 
--------------------------------------------------------------------------------
[2025-03-12T01:00:37.337+0000] {taskinstance.py:1383} INFO - Executing <Task(BashOperator): runme_0> on 2025-03-11 00:00:00+00:00
[2025-03-12T01:00:37.344+0000] {standard_task_runner.py:55} INFO - Started process 348 to run task
[2025-03-12T01:00:37.349+0000] {standard_task_runner.py:82} INFO - Running: ['***', 'tasks', 'run', 'example_bash_operator', 'runme_0', 'scheduled__2025-03-11T00:00:00+00:00', '--job-id', '4', '--raw', '--subdir', '/home/***/.local/lib/python3.7/site-packages/***/example_dags/example_bash_operator.py', '--cfg-path', '/tmp/tmpdbqpt6k8']
[2025-03-12T01:00:37.350+0000] {standard_task_runner.py:83} INFO - Job 4: Subtask runme_0
[2025-03-12T01:00:37.425+0000] {task_command.py:376} INFO - Running <TaskInstance: example_bash_operator.runme_0 scheduled__2025-03-11T00:00:00+00:00 [running]> on host 8c3ee0f87cd8
[2025-03-12T01:00:37.495+0000] {taskinstance.py:1592} INFO - Exporting the following env vars:
AIRFLOW_CTX_DAG_OWNER=***
AIRFLOW_CTX_DAG_ID=example_bash_operator
AIRFLOW_CTX_TASK_ID=runme_0
AIRFLOW_CTX_EXECUTION_DATE=2025-03-11T00:00:00+00:00
AIRFLOW_CTX_TRY_NUMBER=1
AIRFLOW_CTX_DAG_RUN_ID=scheduled__2025-03-11T00:00:00+00:00
[2025-03-12T01:00:37.496+0000] {subprocess.py:63} INFO - Tmp dir root location: 
 /tmp
[2025-03-12T01:00:37.497+0000] {subprocess.py:75} INFO - Running command: ['/bin/bash', '-c', 'echo "example_bash_operator__runme_0__20250311" && sleep 1']
[2025-03-12T01:00:37.510+0000] {subprocess.py:86} INFO - Output:
[2025-03-12T01:00:37.511+0000] {subprocess.py:93} INFO - example_bash_operator__runme_0__20250311
[2025-03-12T01:00:38.513+0000] {subprocess.py:97} INFO - Command exited with return code 0
[2025-03-12T01:00:38.532+0000] {taskinstance.py:1406} INFO - Marking task as SUCCESS. dag_id=example_bash_operator, task_id=runme_0, execution_date=20250311T000000, start_date=20250312T010037, end_date=20250312T010038
[2025-03-12T01:00:38.563+0000] {local_task_job.py:164} INFO - Task exited with return code 0
[2025-03-12T01:00:38.592+0000] {local_task_job.py:273} INFO - 0 downstream tasks scheduled from follow-on schedule check
